<?xml version="1.0" encoding="UTF-8"?>
<testng-results skipped="0" failed="0" ignored="0" total="1" passed="1">
  <reporter-output>
  </reporter-output>
  <suite name="Default suite" duration-ms="23394" started-at="2019-11-08T10:52:55Z" finished-at="2019-11-08T10:53:18Z">
    <groups>
    </groups>
    <test name="Default test" duration-ms="23394" started-at="2019-11-08T10:52:55Z" finished-at="2019-11-08T10:53:18Z">
      <class name="TestScripts.Script1">
        <test-method status="PASS" signature="openAppln()[pri:0, instance:TestScripts.Script1@76b0bfab]" name="openAppln" is-config="true" duration-ms="8983" started-at="2019-11-08T10:52:55Z" finished-at="2019-11-08T10:53:04Z">
          <reporter-output>
          </reporter-output>
        </test-method> <!-- openAppln -->
        <test-method status="PASS" signature="test1()[pri:0, instance:TestScripts.Script1@76b0bfab]" name="test1" duration-ms="14303" started-at="2019-11-08T10:53:04Z" finished-at="2019-11-08T10:53:18Z">
          <reporter-output>
          </reporter-output>
        </test-method> <!-- test1 -->
        <test-method status="PASS" signature="closeAppln()[pri:0, instance:TestScripts.Script1@76b0bfab]" name="closeAppln" is-config="true" duration-ms="89" started-at="2019-11-08T10:53:18Z" finished-at="2019-11-08T10:53:18Z">
          <reporter-output>
          </reporter-output>
        </test-method> <!-- closeAppln -->
      </class> <!-- TestScripts.Script1 -->
    </test> <!-- Default test -->
  </suite> <!-- Default suite -->
</testng-results>
